{"/Users/tsarevich/web/threads/src/features/comment-form/CommentForm.tsx": {"path":"/Users/tsarevich/web/threads/src/features/comment-form/CommentForm.tsx","statementMap":{"0":{"start":{"line":19,"column":0},"end":{"line":19,"column":16}},"1":{"start":{"line":6,"column":0},"end":{"line":6,"column":32}},"2":{"start":{"line":7,"column":0},"end":{"line":7,"column":47}},"3":{"start":{"line":8,"column":0},"end":{"line":8,"column":52}},"4":{"start":{"line":9,"column":0},"end":{"line":9,"column":35}},"5":{"start":{"line":20,"column":20},"end":{"line":20,"column":30}},"6":{"start":{"line":21,"column":19},"end":{"line":21,"column":28}},"7":{"start":{"line":22,"column":26},"end":{"line":22,"column":38}},"8":{"start":{"line":23,"column":42},"end":{"line":23,"column":57}},"9":{"start":{"line":24,"column":28},"end":{"line":24,"column":57}},"10":{"start":{"line":26,"column":23},"end":{"line":49,"column":null}},"11":{"start":{"line":26,"column":52},"end":{"line":49,"column":null}},"12":{"start":{"line":27,"column":4},"end":{"line":27,"column":null}},"13":{"start":{"line":28,"column":4},"end":{"line":28,"column":null}},"14":{"start":{"line":30,"column":4},"end":{"line":33,"column":5}},"15":{"start":{"line":31,"column":6},"end":{"line":31,"column":null}},"16":{"start":{"line":32,"column":6},"end":{"line":32,"column":12}},"17":{"start":{"line":35,"column":4},"end":{"line":38,"column":5}},"18":{"start":{"line":36,"column":6},"end":{"line":36,"column":null}},"19":{"start":{"line":37,"column":6},"end":{"line":37,"column":12}},"20":{"start":{"line":40,"column":4},"end":{"line":48,"column":5}},"21":{"start":{"line":41,"column":6},"end":{"line":41,"column":null}},"22":{"start":{"line":42,"column":6},"end":{"line":42,"column":null}},"23":{"start":{"line":43,"column":6},"end":{"line":43,"column":null}},"24":{"start":{"line":45,"column":6},"end":{"line":45,"column":null}},"25":{"start":{"line":47,"column":6},"end":{"line":47,"column":null}},"26":{"start":{"line":51,"column":2},"end":{"line":99,"column":null}},"27":{"start":{"line":69,"column":27},"end":{"line":69,"column":50}}},"fnMap":{"0":{"name":"CommentForm","decl":{"start":{"line":19,"column":16},"end":{"line":19,"column":27}},"loc":{"start":{"line":19,"column":58},"end":{"line":100,"column":1}}},"1":{"name":"(anonymous_8)","decl":{"start":{"line":26,"column":23},"end":{"line":26,"column":30}},"loc":{"start":{"line":26,"column":52},"end":{"line":49,"column":null}}},"2":{"name":"(anonymous_9)","decl":{"start":{"line":26,"column":52},"end":{"line":26,"column":null}},"loc":{"start":{"line":26,"column":52},"end":{"line":49,"column":3}}},"3":{"name":"(anonymous_10)","decl":{"start":{"line":69,"column":20},"end":{"line":69,"column":21}},"loc":{"start":{"line":69,"column":27},"end":{"line":69,"column":50}}}},"branchMap":{"0":{"loc":{"start":{"line":30,"column":4},"end":{"line":33,"column":5}},"type":"if","locations":[{"start":{"line":30,"column":4},"end":{"line":33,"column":5}},{"start":{},"end":{}}]},"1":{"loc":{"start":{"line":35,"column":4},"end":{"line":38,"column":5}},"type":"if","locations":[{"start":{"line":35,"column":4},"end":{"line":38,"column":5}},{"start":{},"end":{}}]},"2":{"loc":{"start":{"line":45,"column":15},"end":{"line":45,"column":75}},"type":"cond-expr","locations":[{"start":{"line":45,"column":38},"end":{"line":45,"column":49}},{"start":{"line":45,"column":52},"end":{"line":45,"column":75}}]},"3":{"loc":{"start":{"line":53,"column":7},"end":{"line":62,"column":null}},"type":"binary-expr","locations":[{"start":{"line":53,"column":7},"end":{"line":53,"column":12}},{"start":{"line":54,"column":8},"end":{"line":61,"column":null}}]},"4":{"loc":{"start":{"line":57,"column":29},"end":{"line":57,"column":70}},"type":"cond-expr","locations":[{"start":{"line":57,"column":49},"end":{"line":57,"column":58}},{"start":{"line":57,"column":61},"end":{"line":57,"column":70}}]},"5":{"loc":{"start":{"line":58,"column":25},"end":{"line":58,"column":66}},"type":"cond-expr","locations":[{"start":{"line":58,"column":45},"end":{"line":58,"column":54}},{"start":{"line":58,"column":57},"end":{"line":58,"column":66}}]},"6":{"loc":{"start":{"line":59,"column":19},"end":{"line":59,"column":60}},"type":"cond-expr","locations":[{"start":{"line":59,"column":39},"end":{"line":59,"column":48}},{"start":{"line":59,"column":51},"end":{"line":59,"column":60}}]},"7":{"loc":{"start":{"line":71,"column":20},"end":{"line":71,"column":41}},"type":"binary-expr","locations":[{"start":{"line":71,"column":20},"end":{"line":71,"column":32}},{"start":{"line":71,"column":36},"end":{"line":71,"column":41}}]},"8":{"loc":{"start":{"line":75,"column":33},"end":{"line":75,"column":74}},"type":"cond-expr","locations":[{"start":{"line":75,"column":53},"end":{"line":75,"column":62}},{"start":{"line":75,"column":65},"end":{"line":75,"column":74}}]},"9":{"loc":{"start":{"line":77,"column":29},"end":{"line":77,"column":70}},"type":"cond-expr","locations":[{"start":{"line":77,"column":49},"end":{"line":77,"column":58}},{"start":{"line":77,"column":61},"end":{"line":77,"column":70}}]},"10":{"loc":{"start":{"line":78,"column":19},"end":{"line":78,"column":60}},"type":"cond-expr","locations":[{"start":{"line":78,"column":39},"end":{"line":78,"column":48}},{"start":{"line":78,"column":51},"end":{"line":78,"column":60}}]},"11":{"loc":{"start":{"line":85,"column":20},"end":{"line":85,"column":57}},"type":"binary-expr","locations":[{"start":{"line":85,"column":20},"end":{"line":85,"column":32}},{"start":{"line":85,"column":36},"end":{"line":85,"column":41}},{"start":{"line":85,"column":45},"end":{"line":85,"column":57}}]},"12":{"loc":{"start":{"line":88,"column":29},"end":{"line":88,"column":72}},"type":"cond-expr","locations":[{"start":{"line":88,"column":51},"end":{"line":88,"column":60}},{"start":{"line":88,"column":63},"end":{"line":88,"column":72}}]},"13":{"loc":{"start":{"line":88,"column":29},"end":{"line":88,"column":48}},"type":"binary-expr","locations":[{"start":{"line":88,"column":29},"end":{"line":88,"column":40}},{"start":{"line":88,"column":44},"end":{"line":88,"column":48}}]},"14":{"loc":{"start":{"line":92,"column":20},"end":{"line":92,"column":67}},"type":"cond-expr","locations":[{"start":{"line":92,"column":42},"end":{"line":92,"column":51}},{"start":{"line":92,"column":54},"end":{"line":92,"column":67}}]},"15":{"loc":{"start":{"line":92,"column":20},"end":{"line":92,"column":39}},"type":"binary-expr","locations":[{"start":{"line":92,"column":20},"end":{"line":92,"column":31}},{"start":{"line":92,"column":35},"end":{"line":92,"column":39}}]}},"s":{"0":1,"1":1,"2":1,"3":1,"4":1,"5":92,"6":92,"7":92,"8":92,"9":92,"10":92,"11":5,"12":5,"13":5,"14":5,"15":0,"16":0,"17":5,"18":0,"19":0,"20":5,"21":5,"22":5,"23":3,"24":1,"25":4,"26":92,"27":74},"f":{"0":92,"1":5,"2":5,"3":74},"b":{"0":[0,5],"1":[0,5],"2":[1,0],"3":[92,1],"4":[0,1],"5":[0,1],"6":[0,1],"7":[92,87],"8":[0,92],"9":[0,92],"10":[0,92],"11":[92,87,87],"12":[77,15],"13":[92,77],"14":[77,15],"15":[92,77]}}
,"/Users/tsarevich/web/threads/src/shared/index.ts": {"path":"/Users/tsarevich/web/threads/src/shared/index.ts","statementMap":{"0":{"start":{"line":4,"column":0},"end":{"line":4,"column":20}},"1":{"start":{"line":5,"column":0},"end":{"line":5,"column":21}},"2":{"start":{"line":6,"column":0},"end":{"line":6,"column":23}},"3":{"start":{"line":7,"column":0},"end":{"line":7,"column":23}},"4":{"start":{"line":8,"column":0},"end":{"line":8,"column":25}}},"fnMap":{},"branchMap":{},"s":{"0":2,"1":2,"2":2,"3":2,"4":2},"f":{},"b":{}}
,"/Users/tsarevich/web/threads/src/shared/const/api.ts": {"path":"/Users/tsarevich/web/threads/src/shared/const/api.ts","statementMap":{"0":{"start":{"line":4,"column":13},"end":{"line":10,"column":null}},"1":{"start":{"line":15,"column":13},"end":{"line":20,"column":null}}},"fnMap":{},"branchMap":{},"s":{"0":2,"1":2},"f":{},"b":{}}
,"/Users/tsarevich/web/threads/src/shared/const/index.ts": {"path":"/Users/tsarevich/web/threads/src/shared/const/index.ts","statementMap":{"0":{"start":{"line":1,"column":0},"end":{"line":1,"column":9}},"1":{"start":{"line":1,"column":9},"end":{"line":1,"column":24}},"2":{"start":{"line":1,"column":24},"end":{"line":1,"column":52}}},"fnMap":{"0":{"name":"(anonymous_0)","decl":{"start":{"line":1,"column":9},"end":{"line":1,"column":22}},"loc":{"start":{"line":1,"column":9},"end":{"line":1,"column":24}}},"1":{"name":"(anonymous_1)","decl":{"start":{"line":1,"column":24},"end":{"line":1,"column":37}},"loc":{"start":{"line":1,"column":24},"end":{"line":1,"column":52}}}},"branchMap":{},"s":{"0":2,"1":2,"2":2},"f":{"0":0,"1":0},"b":{}}
,"/Users/tsarevich/web/threads/src/shared/context/ThemeProvider.tsx": {"path":"/Users/tsarevich/web/threads/src/shared/context/ThemeProvider.tsx","statementMap":{"0":{"start":{"line":9,"column":0},"end":{"line":9,"column":16}},"1":{"start":{"line":6,"column":0},"end":{"line":6,"column":43}},"2":{"start":{"line":7,"column":0},"end":{"line":7,"column":50}},"3":{"start":{"line":10,"column":33},"end":{"line":18,"column":4}},"4":{"start":{"line":12,"column":19},"end":{"line":12,"column":48}},"5":{"start":{"line":13,"column":4},"end":{"line":15,"column":5}},"6":{"start":{"line":14,"column":6},"end":{"line":14,"column":null}},"7":{"start":{"line":17,"column":4},"end":{"line":17,"column":null}},"8":{"start":{"line":20,"column":2},"end":{"line":31,"column":null}},"9":{"start":{"line":22,"column":4},"end":{"line":22,"column":null}},"10":{"start":{"line":25,"column":17},"end":{"line":25,"column":41}},"11":{"start":{"line":26,"column":4},"end":{"line":30,"column":5}},"12":{"start":{"line":27,"column":6},"end":{"line":27,"column":null}},"13":{"start":{"line":29,"column":6},"end":{"line":29,"column":null}},"14":{"start":{"line":33,"column":22},"end":{"line":35,"column":3}},"15":{"start":{"line":34,"column":4},"end":{"line":34,"column":null}},"16":{"start":{"line":34,"column":29},"end":{"line":34,"column":63}},"17":{"start":{"line":37,"column":19},"end":{"line":39,"column":3}},"18":{"start":{"line":38,"column":4},"end":{"line":38,"column":null}},"19":{"start":{"line":41,"column":2},"end":{"line":41,"column":null}}},"fnMap":{"0":{"name":"ThemeProvider","decl":{"start":{"line":9,"column":16},"end":{"line":9,"column":29}},"loc":{"start":{"line":9,"column":73},"end":{"line":42,"column":1}}},"1":{"name":"(anonymous_1)","decl":{"start":{"line":10,"column":49},"end":{"line":10,"column":52}},"loc":{"start":{"line":10,"column":54},"end":{"line":18,"column":3}}},"2":{"name":"(anonymous_2)","decl":{"start":{"line":20,"column":12},"end":{"line":20,"column":15}},"loc":{"start":{"line":20,"column":17},"end":{"line":31,"column":3}}},"3":{"name":"(anonymous_3)","decl":{"start":{"line":33,"column":22},"end":{"line":33,"column":25}},"loc":{"start":{"line":33,"column":27},"end":{"line":35,"column":3}}},"4":{"name":"(anonymous_4)","decl":{"start":{"line":34,"column":18},"end":{"line":34,"column":19}},"loc":{"start":{"line":34,"column":29},"end":{"line":34,"column":63}}},"5":{"name":"(anonymous_5)","decl":{"start":{"line":37,"column":19},"end":{"line":37,"column":20}},"loc":{"start":{"line":37,"column":39},"end":{"line":39,"column":3}}}},"branchMap":{"0":{"loc":{"start":{"line":13,"column":4},"end":{"line":15,"column":5}},"type":"if","locations":[{"start":{"line":13,"column":4},"end":{"line":15,"column":5}},{"start":{},"end":{}}]},"1":{"loc":{"start":{"line":13,"column":8},"end":{"line":13,"column":47}},"type":"binary-expr","locations":[{"start":{"line":13,"column":8},"end":{"line":13,"column":26}},{"start":{"line":13,"column":30},"end":{"line":13,"column":47}}]},"2":{"loc":{"start":{"line":26,"column":4},"end":{"line":30,"column":5}},"type":"if","locations":[{"start":{"line":26,"column":4},"end":{"line":30,"column":5}},{"start":{"line":28,"column":11},"end":{"line":30,"column":5}}]},"3":{"loc":{"start":{"line":34,"column":29},"end":{"line":34,"column":63}},"type":"cond-expr","locations":[{"start":{"line":34,"column":47},"end":{"line":34,"column":54}},{"start":{"line":34,"column":57},"end":{"line":34,"column":63}}]}},"s":{"0":4,"1":4,"2":4,"3":43,"4":43,"5":43,"6":0,"7":43,"8":43,"9":43,"10":43,"11":43,"12":43,"13":0,"14":43,"15":0,"16":0,"17":43,"18":0,"19":43},"f":{"0":43,"1":43,"2":43,"3":0,"4":0,"5":0},"b":{"0":[0,43],"1":[43,43],"2":[43,0],"3":[0,0]}}
,"/Users/tsarevich/web/threads/src/shared/context/index.ts": {"path":"/Users/tsarevich/web/threads/src/shared/context/index.ts","statementMap":{"0":{"start":{"line":5,"column":0},"end":{"line":5,"column":9}},"1":{"start":{"line":5,"column":9},"end":{"line":5,"column":47}},"2":{"start":{"line":6,"column":0},"end":{"line":6,"column":9}},"3":{"start":{"line":6,"column":9},"end":{"line":6,"column":37}}},"fnMap":{"0":{"name":"(anonymous_0)","decl":{"start":{"line":5,"column":9},"end":{"line":5,"column":22}},"loc":{"start":{"line":5,"column":9},"end":{"line":5,"column":47}}},"1":{"name":"(anonymous_1)","decl":{"start":{"line":6,"column":9},"end":{"line":6,"column":17}},"loc":{"start":{"line":6,"column":9},"end":{"line":6,"column":37}}}},"branchMap":{},"s":{"0":4,"1":47,"2":4,"3":183},"f":{"0":43,"1":179},"b":{}}
,"/Users/tsarevich/web/threads/src/shared/context/theme.ts": {"path":"/Users/tsarevich/web/threads/src/shared/context/theme.ts","statementMap":{"0":{"start":{"line":5,"column":0},"end":{"line":5,"column":37}},"1":{"start":{"line":15,"column":13},"end":{"line":15,"column":null}}},"fnMap":{},"branchMap":{},"s":{"0":4,"1":4},"f":{},"b":{}}
,"/Users/tsarevich/web/threads/src/shared/context/useTheme.ts": {"path":"/Users/tsarevich/web/threads/src/shared/context/useTheme.ts","statementMap":{"0":{"start":{"line":8,"column":0},"end":{"line":8,"column":16}},"1":{"start":{"line":5,"column":0},"end":{"line":5,"column":34}},"2":{"start":{"line":6,"column":0},"end":{"line":6,"column":61}},"3":{"start":{"line":9,"column":18},"end":{"line":9,"column":42}},"4":{"start":{"line":10,"column":2},"end":{"line":12,"column":3}},"5":{"start":{"line":11,"column":4},"end":{"line":11,"column":null}},"6":{"start":{"line":13,"column":2},"end":{"line":13,"column":null}}},"fnMap":{"0":{"name":"useTheme","decl":{"start":{"line":8,"column":16},"end":{"line":8,"column":24}},"loc":{"start":{"line":8,"column":24},"end":{"line":14,"column":1}}}},"branchMap":{"0":{"loc":{"start":{"line":10,"column":2},"end":{"line":12,"column":3}},"type":"if","locations":[{"start":{"line":10,"column":2},"end":{"line":12,"column":3}},{"start":{},"end":{}}]}},"s":{"0":4,"1":4,"2":4,"3":179,"4":179,"5":0,"6":179},"f":{"0":179},"b":{"0":[0,179]}}
,"/Users/tsarevich/web/threads/src/shared/icons/ThreadsIcon.tsx": {"path":"/Users/tsarevich/web/threads/src/shared/icons/ThreadsIcon.tsx","statementMap":{"0":{"start":{"line":6,"column":27},"end":{"line":9,"column":null}},"1":{"start":{"line":7,"column":2},"end":{"line":8,"column":null}},"2":{"start":{"line":6,"column":13},"end":{"line":6,"column":27}}},"fnMap":{"0":{"name":"(anonymous_0)","decl":{"start":{"line":6,"column":27},"end":{"line":6,"column":28}},"loc":{"start":{"line":7,"column":2},"end":{"line":8,"column":null}}}},"branchMap":{},"s":{"0":2,"1":0,"2":2},"f":{"0":0},"b":{}}
,"/Users/tsarevich/web/threads/src/shared/icons/index.ts": {"path":"/Users/tsarevich/web/threads/src/shared/icons/index.ts","statementMap":{"0":{"start":{"line":1,"column":0},"end":{"line":1,"column":9}},"1":{"start":{"line":1,"column":9},"end":{"line":1,"column":43}}},"fnMap":{"0":{"name":"(anonymous_0)","decl":{"start":{"line":1,"column":9},"end":{"line":1,"column":20}},"loc":{"start":{"line":1,"column":9},"end":{"line":1,"column":43}}}},"branchMap":{},"s":{"0":2,"1":2},"f":{"0":0},"b":{}}
,"/Users/tsarevich/web/threads/src/shared/lib/helpers.ts": {"path":"/Users/tsarevich/web/threads/src/shared/lib/helpers.ts","statementMap":{"0":{"start":{"line":4,"column":0},"end":{"line":4,"column":16}},"1":{"start":{"line":23,"column":0},"end":{"line":23,"column":16}},"2":{"start":{"line":31,"column":0},"end":{"line":31,"column":16}},"3":{"start":{"line":5,"column":15},"end":{"line":5,"column":35}},"4":{"start":{"line":6,"column":14},"end":{"line":6,"column":24}},"5":{"start":{"line":7,"column":17},"end":{"line":7,"column":47}},"6":{"start":{"line":8,"column":19},"end":{"line":8,"column":45}},"7":{"start":{"line":9,"column":20},"end":{"line":9,"column":48}},"8":{"start":{"line":10,"column":19},"end":{"line":10,"column":48}},"9":{"start":{"line":12,"column":2},"end":{"line":12,"column":null}},"10":{"start":{"line":12,"column":20},"end":{"line":12,"column":null}},"11":{"start":{"line":13,"column":2},"end":{"line":13,"column":null}},"12":{"start":{"line":13,"column":21},"end":{"line":13,"column":null}},"13":{"start":{"line":14,"column":2},"end":{"line":14,"column":null}},"14":{"start":{"line":14,"column":22},"end":{"line":14,"column":null}},"15":{"start":{"line":15,"column":2},"end":{"line":15,"column":null}},"16":{"start":{"line":15,"column":20},"end":{"line":15,"column":null}},"17":{"start":{"line":17,"column":2},"end":{"line":17,"column":null}},"18":{"start":{"line":24,"column":2},"end":{"line":24,"column":null}},"19":{"start":{"line":24,"column":32},"end":{"line":24,"column":null}},"20":{"start":{"line":25,"column":2},"end":{"line":25,"column":null}},"21":{"start":{"line":32,"column":2},"end":{"line":32,"column":null}}},"fnMap":{"0":{"name":"formatDate","decl":{"start":{"line":4,"column":16},"end":{"line":4,"column":26}},"loc":{"start":{"line":4,"column":45},"end":{"line":18,"column":1}}},"1":{"name":"truncateText","decl":{"start":{"line":23,"column":16},"end":{"line":23,"column":28}},"loc":{"start":{"line":23,"column":60},"end":{"line":26,"column":1}}},"2":{"name":"generateId","decl":{"start":{"line":31,"column":16},"end":{"line":31,"column":26}},"loc":{"start":{"line":31,"column":26},"end":{"line":33,"column":1}}}},"branchMap":{"0":{"loc":{"start":{"line":12,"column":2},"end":{"line":12,"column":null}},"type":"if","locations":[{"start":{"line":12,"column":2},"end":{"line":12,"column":null}},{"start":{},"end":{}}]},"1":{"loc":{"start":{"line":13,"column":2},"end":{"line":13,"column":null}},"type":"if","locations":[{"start":{"line":13,"column":2},"end":{"line":13,"column":null}},{"start":{},"end":{}}]},"2":{"loc":{"start":{"line":14,"column":2},"end":{"line":14,"column":null}},"type":"if","locations":[{"start":{"line":14,"column":2},"end":{"line":14,"column":null}},{"start":{},"end":{}}]},"3":{"loc":{"start":{"line":15,"column":2},"end":{"line":15,"column":null}},"type":"if","locations":[{"start":{"line":15,"column":2},"end":{"line":15,"column":null}},{"start":{},"end":{}}]},"4":{"loc":{"start":{"line":24,"column":2},"end":{"line":24,"column":null}},"type":"if","locations":[{"start":{"line":24,"column":2},"end":{"line":24,"column":null}},{"start":{},"end":{}}]}},"s":{"0":2,"1":2,"2":2,"3":0,"4":0,"5":0,"6":0,"7":0,"8":0,"9":0,"10":0,"11":0,"12":0,"13":0,"14":0,"15":0,"16":0,"17":0,"18":0,"19":0,"20":0,"21":0},"f":{"0":0,"1":0,"2":0},"b":{"0":[0,0],"1":[0,0],"2":[0,0],"3":[0,0],"4":[0,0]}}
,"/Users/tsarevich/web/threads/src/shared/lib/index.ts": {"path":"/Users/tsarevich/web/threads/src/shared/lib/index.ts","statementMap":{"0":{"start":{"line":1,"column":0},"end":{"line":1,"column":9}},"1":{"start":{"line":1,"column":9},"end":{"line":1,"column":21}},"2":{"start":{"line":1,"column":21},"end":{"line":1,"column":35}},"3":{"start":{"line":1,"column":35},"end":{"line":1,"column":64}}},"fnMap":{"0":{"name":"(anonymous_0)","decl":{"start":{"line":1,"column":9},"end":{"line":1,"column":19}},"loc":{"start":{"line":1,"column":9},"end":{"line":1,"column":21}}},"1":{"name":"(anonymous_1)","decl":{"start":{"line":1,"column":21},"end":{"line":1,"column":33}},"loc":{"start":{"line":1,"column":21},"end":{"line":1,"column":35}}},"2":{"name":"(anonymous_2)","decl":{"start":{"line":1,"column":35},"end":{"line":1,"column":45}},"loc":{"start":{"line":1,"column":35},"end":{"line":1,"column":64}}}},"branchMap":{},"s":{"0":2,"1":2,"2":2,"3":2},"f":{"0":0,"1":0,"2":0},"b":{}}
,"/Users/tsarevich/web/threads/src/shared/ui/index.ts": {"path":"/Users/tsarevich/web/threads/src/shared/ui/index.ts","statementMap":{"0":{"start":{"line":4,"column":0},"end":{"line":4,"column":9}},"1":{"start":{"line":4,"column":9},"end":{"line":4,"column":33}},"2":{"start":{"line":7,"column":0},"end":{"line":7,"column":9}},"3":{"start":{"line":7,"column":9},"end":{"line":7,"column":33}},"4":{"start":{"line":10,"column":0},"end":{"line":10,"column":9}},"5":{"start":{"line":10,"column":9},"end":{"line":10,"column":31}},"6":{"start":{"line":13,"column":0},"end":{"line":13,"column":9}},"7":{"start":{"line":13,"column":9},"end":{"line":13,"column":31}}},"fnMap":{"0":{"name":"(anonymous_0)","decl":{"start":{"line":4,"column":9},"end":{"line":4,"column":15}},"loc":{"start":{"line":4,"column":9},"end":{"line":4,"column":33}}},"1":{"name":"(anonymous_1)","decl":{"start":{"line":7,"column":9},"end":{"line":7,"column":15}},"loc":{"start":{"line":7,"column":9},"end":{"line":7,"column":33}}},"2":{"name":"(anonymous_2)","decl":{"start":{"line":10,"column":9},"end":{"line":10,"column":14}},"loc":{"start":{"line":10,"column":9},"end":{"line":10,"column":31}}},"3":{"name":"(anonymous_3)","decl":{"start":{"line":13,"column":9},"end":{"line":13,"column":14}},"loc":{"start":{"line":13,"column":9},"end":{"line":13,"column":31}}}},"branchMap":{},"s":{"0":2,"1":55,"2":2,"3":2,"4":2,"5":2,"6":2,"7":2},"f":{"0":53,"1":0,"2":0,"3":0},"b":{}}
,"/Users/tsarevich/web/threads/src/shared/ui/avatar/Avatar.tsx": {"path":"/Users/tsarevich/web/threads/src/shared/ui/avatar/Avatar.tsx","statementMap":{"0":{"start":{"line":12,"column":0},"end":{"line":12,"column":16}},"1":{"start":{"line":13,"column":22},"end":{"line":17,"column":null}},"2":{"start":{"line":19,"column":2},"end":{"line":19,"column":null}}},"fnMap":{"0":{"name":"Avatar","decl":{"start":{"line":12,"column":16},"end":{"line":12,"column":22}},"loc":{"start":{"line":12,"column":77},"end":{"line":20,"column":1}}}},"branchMap":{"0":{"loc":{"start":{"line":12,"column":35},"end":{"line":12,"column":46}},"type":"default-arg","locations":[{"start":{"line":12,"column":42},"end":{"line":12,"column":46}}]},"1":{"loc":{"start":{"line":12,"column":48},"end":{"line":12,"column":62}},"type":"default-arg","locations":[{"start":{"line":12,"column":60},"end":{"line":12,"column":62}}]}},"s":{"0":2,"1":0,"2":0},"f":{"0":0},"b":{"0":[0],"1":[0]}}
,"/Users/tsarevich/web/threads/src/shared/ui/avatar/index.ts": {"path":"/Users/tsarevich/web/threads/src/shared/ui/avatar/index.ts","statementMap":{"0":{"start":{"line":1,"column":0},"end":{"line":1,"column":9}},"1":{"start":{"line":1,"column":9},"end":{"line":1,"column":33}}},"fnMap":{"0":{"name":"(anonymous_0)","decl":{"start":{"line":1,"column":9},"end":{"line":1,"column":15}},"loc":{"start":{"line":1,"column":9},"end":{"line":1,"column":33}}}},"branchMap":{},"s":{"0":2,"1":2},"f":{"0":0},"b":{}}
,"/Users/tsarevich/web/threads/src/shared/ui/button/Button.tsx": {"path":"/Users/tsarevich/web/threads/src/shared/ui/button/Button.tsx","statementMap":{"0":{"start":{"line":12,"column":0},"end":{"line":12,"column":16}},"1":{"start":{"line":2,"column":0},"end":{"line":2,"column":40}},"2":{"start":{"line":13,"column":20},"end":{"line":13,"column":30}},"3":{"start":{"line":15,"column":28},"end":{"line":19,"column":3}},"4":{"start":{"line":16,"column":4},"end":{"line":16,"column":null}},"5":{"start":{"line":16,"column":31},"end":{"line":16,"column":null}},"6":{"start":{"line":17,"column":4},"end":{"line":17,"column":null}},"7":{"start":{"line":17,"column":33},"end":{"line":17,"column":null}},"8":{"start":{"line":18,"column":4},"end":{"line":18,"column":null}},"9":{"start":{"line":21,"column":22},"end":{"line":21,"column":108}},"10":{"start":{"line":22,"column":25},"end":{"line":22,"column":44}},"11":{"start":{"line":23,"column":25},"end":{"line":23,"column":78}},"12":{"start":{"line":25,"column":2},"end":{"line":40,"column":null}}},"fnMap":{"0":{"name":"Button","decl":{"start":{"line":12,"column":16},"end":{"line":12,"column":22}},"loc":{"start":{"line":12,"column":95},"end":{"line":41,"column":1}}},"1":{"name":"(anonymous_1)","decl":{"start":{"line":15,"column":28},"end":{"line":15,"column":31}},"loc":{"start":{"line":15,"column":33},"end":{"line":19,"column":3}}}},"branchMap":{"0":{"loc":{"start":{"line":12,"column":25},"end":{"line":12,"column":41}},"type":"default-arg","locations":[{"start":{"line":12,"column":36},"end":{"line":12,"column":41}}]},"1":{"loc":{"start":{"line":16,"column":4},"end":{"line":16,"column":null}},"type":"if","locations":[{"start":{"line":16,"column":4},"end":{"line":16,"column":null}},{"start":{},"end":{}}]},"2":{"loc":{"start":{"line":17,"column":4},"end":{"line":17,"column":null}},"type":"if","locations":[{"start":{"line":17,"column":4},"end":{"line":17,"column":null}},{"start":{},"end":{}}]},"3":{"loc":{"start":{"line":23,"column":61},"end":{"line":23,"column":76}},"type":"binary-expr","locations":[{"start":{"line":23,"column":61},"end":{"line":23,"column":70}},{"start":{"line":23,"column":74},"end":{"line":23,"column":76}}]},"4":{"loc":{"start":{"line":31,"column":8},"end":{"line":36,"column":21}},"type":"cond-expr","locations":[{"start":{"line":32,"column":12},"end":{"line":35,"column":null}},{"start":{"line":36,"column":12},"end":{"line":36,"column":21}}]},"5":{"loc":{"start":{"line":33,"column":21},"end":{"line":33,"column":62}},"type":"cond-expr","locations":[{"start":{"line":33,"column":41},"end":{"line":33,"column":50}},{"start":{"line":33,"column":53},"end":{"line":33,"column":62}}]},"6":{"loc":{"start":{"line":34,"column":31},"end":{"line":34,"column":72}},"type":"cond-expr","locations":[{"start":{"line":34,"column":51},"end":{"line":34,"column":60}},{"start":{"line":34,"column":63},"end":{"line":34,"column":72}}]}},"s":{"0":3,"1":3,"2":60,"3":60,"4":60,"5":1,"6":59,"7":1,"8":58,"9":60,"10":60,"11":60,"12":60},"f":{"0":60,"1":60},"b":{"0":[59],"1":[1,59],"2":[1,58],"3":[60,6],"4":[58,2],"5":[0,58],"6":[0,58]}}
,"/Users/tsarevich/web/threads/src/shared/ui/button/index.ts": {"path":"/Users/tsarevich/web/threads/src/shared/ui/button/index.ts","statementMap":{"0":{"start":{"line":1,"column":0},"end":{"line":1,"column":9}},"1":{"start":{"line":1,"column":9},"end":{"line":1,"column":33}}},"fnMap":{"0":{"name":"(anonymous_0)","decl":{"start":{"line":1,"column":9},"end":{"line":1,"column":15}},"loc":{"start":{"line":1,"column":9},"end":{"line":1,"column":33}}}},"branchMap":{},"s":{"0":2,"1":55},"f":{"0":53},"b":{}}
,"/Users/tsarevich/web/threads/src/shared/ui/input/Input.tsx": {"path":"/Users/tsarevich/web/threads/src/shared/ui/input/Input.tsx","statementMap":{"0":{"start":{"line":14,"column":0},"end":{"line":14,"column":16}},"1":{"start":{"line":15,"column":2},"end":{"line":24,"column":null}},"2":{"start":{"line":21,"column":23},"end":{"line":21,"column":49}}},"fnMap":{"0":{"name":"Input","decl":{"start":{"line":14,"column":16},"end":{"line":14,"column":21}},"loc":{"start":{"line":14,"column":125},"end":{"line":25,"column":1}}},"1":{"name":"(anonymous_1)","decl":{"start":{"line":21,"column":16},"end":{"line":21,"column":17}},"loc":{"start":{"line":21,"column":23},"end":{"line":21,"column":49}}}},"branchMap":{"0":{"loc":{"start":{"line":14,"column":24},"end":{"line":14,"column":40}},"type":"default-arg","locations":[{"start":{"line":14,"column":38},"end":{"line":14,"column":40}}]},"1":{"loc":{"start":{"line":14,"column":42},"end":{"line":14,"column":52}},"type":"default-arg","locations":[{"start":{"line":14,"column":50},"end":{"line":14,"column":52}}]},"2":{"loc":{"start":{"line":14,"column":64},"end":{"line":14,"column":77}},"type":"default-arg","locations":[{"start":{"line":14,"column":71},"end":{"line":14,"column":77}}]},"3":{"loc":{"start":{"line":14,"column":79},"end":{"line":14,"column":95}},"type":"default-arg","locations":[{"start":{"line":14,"column":90},"end":{"line":14,"column":95}}]},"4":{"loc":{"start":{"line":14,"column":97},"end":{"line":14,"column":111}},"type":"default-arg","locations":[{"start":{"line":14,"column":109},"end":{"line":14,"column":111}}]},"5":{"loc":{"start":{"line":21,"column":23},"end":{"line":21,"column":49}},"type":"cond-expr","locations":[{"start":{"line":21,"column":31},"end":{"line":21,"column":34}},{"start":{"line":21,"column":23},"end":{"line":21,"column":49}}]},"6":{"loc":{"start":{"line":21,"column":23},"end":{"line":21,"column":34}},"type":"binary-expr","locations":[{"start":{"line":21,"column":23},"end":{"line":21,"column":34}},{"start":{"line":21,"column":23},"end":{"line":21,"column":34}}]}},"s":{"0":3,"1":11,"2":9},"f":{"0":11,"1":9},"b":{"0":[0],"1":[8],"2":[10],"3":[9],"4":[10],"5":[4,5],"6":[9,9]}}
,"/Users/tsarevich/web/threads/src/shared/ui/input/index.ts": {"path":"/Users/tsarevich/web/threads/src/shared/ui/input/index.ts","statementMap":{"0":{"start":{"line":1,"column":0},"end":{"line":1,"column":9}},"1":{"start":{"line":1,"column":9},"end":{"line":1,"column":31}}},"fnMap":{"0":{"name":"(anonymous_0)","decl":{"start":{"line":1,"column":9},"end":{"line":1,"column":14}},"loc":{"start":{"line":1,"column":9},"end":{"line":1,"column":31}}}},"branchMap":{},"s":{"0":2,"1":2},"f":{"0":0},"b":{}}
,"/Users/tsarevich/web/threads/src/shared/ui/modal/Modal.tsx": {"path":"/Users/tsarevich/web/threads/src/shared/ui/modal/Modal.tsx","statementMap":{"0":{"start":{"line":15,"column":0},"end":{"line":15,"column":16}},"1":{"start":{"line":2,"column":0},"end":{"line":2,"column":34}},"2":{"start":{"line":16,"column":2},"end":{"line":16,"column":null}},"3":{"start":{"line":16,"column":15},"end":{"line":16,"column":null}},"4":{"start":{"line":18,"column":2},"end":{"line":30,"column":null}},"5":{"start":{"line":20,"column":149},"end":{"line":20,"column":168}}},"fnMap":{"0":{"name":"Modal","decl":{"start":{"line":15,"column":16},"end":{"line":15,"column":21}},"loc":{"start":{"line":15,"column":70},"end":{"line":31,"column":1}}},"1":{"name":"(anonymous_1)","decl":{"start":{"line":20,"column":142},"end":{"line":20,"column":143}},"loc":{"start":{"line":20,"column":149},"end":{"line":20,"column":168}}}},"branchMap":{"0":{"loc":{"start":{"line":16,"column":2},"end":{"line":16,"column":null}},"type":"if","locations":[{"start":{"line":16,"column":2},"end":{"line":16,"column":null}},{"start":{},"end":{}}]}},"s":{"0":2,"1":2,"2":0,"3":0,"4":0,"5":0},"f":{"0":0,"1":0},"b":{"0":[0,0]}}
,"/Users/tsarevich/web/threads/src/shared/ui/modal/index.ts": {"path":"/Users/tsarevich/web/threads/src/shared/ui/modal/index.ts","statementMap":{"0":{"start":{"line":1,"column":0},"end":{"line":1,"column":9}},"1":{"start":{"line":1,"column":9},"end":{"line":1,"column":31}}},"fnMap":{"0":{"name":"(anonymous_0)","decl":{"start":{"line":1,"column":9},"end":{"line":1,"column":14}},"loc":{"start":{"line":1,"column":9},"end":{"line":1,"column":31}}}},"branchMap":{},"s":{"0":2,"1":2},"f":{"0":0},"b":{}}
,"/Users/tsarevich/web/threads/src/widgets/comment-card/CommentCard.tsx": {"path":"/Users/tsarevich/web/threads/src/widgets/comment-card/CommentCard.tsx","statementMap":{"0":{"start":{"line":18,"column":0},"end":{"line":18,"column":16}},"1":{"start":{"line":7,"column":0},"end":{"line":7,"column":47}},"2":{"start":{"line":8,"column":0},"end":{"line":8,"column":37}},"3":{"start":{"line":19,"column":20},"end":{"line":19,"column":30}},"4":{"start":{"line":21,"column":2},"end":{"line":54,"column":null}}},"fnMap":{"0":{"name":"CommentCard","decl":{"start":{"line":18,"column":16},"end":{"line":18,"column":27}},"loc":{"start":{"line":18,"column":57},"end":{"line":55,"column":1}}}},"branchMap":{"0":{"loc":{"start":{"line":25,"column":25},"end":{"line":25,"column":66}},"type":"cond-expr","locations":[{"start":{"line":25,"column":45},"end":{"line":25,"column":54}},{"start":{"line":25,"column":57},"end":{"line":25,"column":66}}]},"1":{"loc":{"start":{"line":26,"column":21},"end":{"line":26,"column":62}},"type":"cond-expr","locations":[{"start":{"line":26,"column":41},"end":{"line":26,"column":50}},{"start":{"line":26,"column":53},"end":{"line":26,"column":62}}]},"2":{"loc":{"start":{"line":30,"column":180},"end":{"line":30,"column":228}},"type":"binary-expr","locations":[{"start":{"line":30,"column":180},"end":{"line":30,"column":221}},{"start":{"line":30,"column":225},"end":{"line":30,"column":228}}]},"3":{"loc":{"start":{"line":30,"column":180},"end":{"line":30,"column":221}},"type":"cond-expr","locations":[{"start":{"line":30,"column":206},"end":{"line":30,"column":208}},{"start":{"line":30,"column":206},"end":{"line":30,"column":221}}]},"4":{"loc":{"start":{"line":30,"column":180},"end":{"line":30,"column":208}},"type":"binary-expr","locations":[{"start":{"line":30,"column":180},"end":{"line":30,"column":208}},{"start":{"line":30,"column":206},"end":{"line":30,"column":208}}]},"5":{"loc":{"start":{"line":30,"column":180},"end":{"line":30,"column":206}},"type":"cond-expr","locations":[{"start":{"line":30,"column":201},"end":{"line":30,"column":204}},{"start":{"line":30,"column":201},"end":{"line":30,"column":206}}]},"6":{"loc":{"start":{"line":30,"column":180},"end":{"line":30,"column":204}},"type":"binary-expr","locations":[{"start":{"line":30,"column":180},"end":{"line":30,"column":204}},{"start":{"line":30,"column":201},"end":{"line":30,"column":204}}]},"7":{"loc":{"start":{"line":32,"column":63},"end":{"line":32,"column":104}},"type":"cond-expr","locations":[{"start":{"line":32,"column":83},"end":{"line":32,"column":92}},{"start":{"line":32,"column":95},"end":{"line":32,"column":104}}]},"8":{"loc":{"start":{"line":35,"column":49},"end":{"line":35,"column":90}},"type":"cond-expr","locations":[{"start":{"line":35,"column":69},"end":{"line":35,"column":78}},{"start":{"line":35,"column":81},"end":{"line":35,"column":90}}]},"9":{"loc":{"start":{"line":42,"column":66},"end":{"line":42,"column":107}},"type":"cond-expr","locations":[{"start":{"line":42,"column":86},"end":{"line":42,"column":95}},{"start":{"line":42,"column":98},"end":{"line":42,"column":107}}]}},"s":{"0":1,"1":1,"2":1,"3":14,"4":14},"f":{"0":14},"b":{"0":[0,14],"1":[0,14],"2":[14,1],"3":[1,13],"4":[14,14],"5":[0,14],"6":[14,14],"7":[0,14],"8":[0,14],"9":[0,14]}}
,"/Users/tsarevich/web/threads/src/widgets/post-card/PostCard.tsx": {"path":"/Users/tsarevich/web/threads/src/widgets/post-card/PostCard.tsx","statementMap":{"0":{"start":{"line":20,"column":0},"end":{"line":20,"column":16}},"1":{"start":{"line":7,"column":0},"end":{"line":7,"column":37}},"2":{"start":{"line":8,"column":0},"end":{"line":8,"column":47}},"3":{"start":{"line":9,"column":0},"end":{"line":9,"column":44}},"4":{"start":{"line":21,"column":20},"end":{"line":21,"column":30}},"5":{"start":{"line":22,"column":59},"end":{"line":22,"column":79}},"6":{"start":{"line":24,"column":21},"end":{"line":33,"column":3}},"7":{"start":{"line":25,"column":4},"end":{"line":27,"column":5}},"8":{"start":{"line":26,"column":6},"end":{"line":26,"column":null}},"9":{"start":{"line":28,"column":4},"end":{"line":32,"column":5}},"10":{"start":{"line":29,"column":6},"end":{"line":29,"column":null}},"11":{"start":{"line":31,"column":6},"end":{"line":31,"column":null}},"12":{"start":{"line":35,"column":2},"end":{"line":107,"column":null}},"13":{"start":{"line":71,"column":12},"end":{"line":72,"column":null}}},"fnMap":{"0":{"name":"PostCard","decl":{"start":{"line":20,"column":16},"end":{"line":20,"column":24}},"loc":{"start":{"line":20,"column":57},"end":{"line":108,"column":1}}},"1":{"name":"(anonymous_1)","decl":{"start":{"line":24,"column":21},"end":{"line":24,"column":22}},"loc":{"start":{"line":24,"column":45},"end":{"line":33,"column":3}}},"2":{"name":"(anonymous_2)","decl":{"start":{"line":70,"column":25},"end":{"line":70,"column":26}},"loc":{"start":{"line":71,"column":12},"end":{"line":72,"column":null}}}},"branchMap":{"0":{"loc":{"start":{"line":25,"column":4},"end":{"line":27,"column":5}},"type":"if","locations":[{"start":{"line":25,"column":4},"end":{"line":27,"column":5}},{"start":{},"end":{}}]},"1":{"loc":{"start":{"line":40,"column":25},"end":{"line":40,"column":66}},"type":"cond-expr","locations":[{"start":{"line":40,"column":45},"end":{"line":40,"column":54}},{"start":{"line":40,"column":57},"end":{"line":40,"column":66}}]},"2":{"loc":{"start":{"line":41,"column":21},"end":{"line":41,"column":62}},"type":"cond-expr","locations":[{"start":{"line":41,"column":41},"end":{"line":41,"column":50}},{"start":{"line":41,"column":53},"end":{"line":41,"column":62}}]},"3":{"loc":{"start":{"line":45,"column":202},"end":{"line":45,"column":393}},"type":"cond-expr","locations":[{"start":{"line":45,"column":220},"end":{"line":45,"column":223}},{"start":{"line":45,"column":226},"end":{"line":45,"column":393}}]},"4":{"loc":{"start":{"line":45,"column":226},"end":{"line":45,"column":393}},"type":"cond-expr","locations":[{"start":{"line":45,"column":246},"end":{"line":45,"column":342}},{"start":{"line":45,"column":345},"end":{"line":45,"column":393}}]},"5":{"loc":{"start":{"line":45,"column":226},"end":{"line":45,"column":243}},"type":"cond-expr","locations":[{"start":{"line":45,"column":236},"end":{"line":45,"column":238}},{"start":{"line":45,"column":226},"end":{"line":45,"column":243}}]},"6":{"loc":{"start":{"line":45,"column":226},"end":{"line":45,"column":238}},"type":"binary-expr","locations":[{"start":{"line":45,"column":226},"end":{"line":45,"column":238}},{"start":{"line":45,"column":226},"end":{"line":45,"column":238}}]},"7":{"loc":{"start":{"line":45,"column":345},"end":{"line":45,"column":393}},"type":"binary-expr","locations":[{"start":{"line":45,"column":345},"end":{"line":45,"column":386}},{"start":{"line":45,"column":390},"end":{"line":45,"column":393}}]},"8":{"loc":{"start":{"line":45,"column":345},"end":{"line":45,"column":386}},"type":"cond-expr","locations":[{"start":{"line":45,"column":371},"end":{"line":45,"column":373}},{"start":{"line":45,"column":371},"end":{"line":45,"column":386}}]},"9":{"loc":{"start":{"line":45,"column":345},"end":{"line":45,"column":373}},"type":"binary-expr","locations":[{"start":{"line":45,"column":345},"end":{"line":45,"column":373}},{"start":{"line":45,"column":371},"end":{"line":45,"column":373}}]},"10":{"loc":{"start":{"line":45,"column":345},"end":{"line":45,"column":371}},"type":"cond-expr","locations":[{"start":{"line":45,"column":366},"end":{"line":45,"column":369}},{"start":{"line":45,"column":366},"end":{"line":45,"column":371}}]},"11":{"loc":{"start":{"line":45,"column":345},"end":{"line":45,"column":369}},"type":"binary-expr","locations":[{"start":{"line":45,"column":345},"end":{"line":45,"column":369}},{"start":{"line":45,"column":366},"end":{"line":45,"column":369}}]},"12":{"loc":{"start":{"line":45,"column":345},"end":{"line":45,"column":366}},"type":"cond-expr","locations":[{"start":{"line":45,"column":355},"end":{"line":45,"column":357}},{"start":{"line":45,"column":345},"end":{"line":45,"column":366}}]},"13":{"loc":{"start":{"line":45,"column":345},"end":{"line":45,"column":357}},"type":"binary-expr","locations":[{"start":{"line":45,"column":345},"end":{"line":45,"column":357}},{"start":{"line":45,"column":345},"end":{"line":45,"column":357}}]},"14":{"loc":{"start":{"line":47,"column":68},"end":{"line":47,"column":109}},"type":"cond-expr","locations":[{"start":{"line":47,"column":88},"end":{"line":47,"column":97}},{"start":{"line":47,"column":100},"end":{"line":47,"column":109}}]},"15":{"loc":{"start":{"line":48,"column":15},"end":{"line":48,"column":134}},"type":"cond-expr","locations":[{"start":{"line":48,"column":33},"end":{"line":48,"column":45}},{"start":{"line":48,"column":48},"end":{"line":48,"column":134}}]},"16":{"loc":{"start":{"line":48,"column":48},"end":{"line":48,"column":134}},"type":"cond-expr","locations":[{"start":{"line":48,"column":61},"end":{"line":48,"column":109}},{"start":{"line":48,"column":112},"end":{"line":48,"column":134}}]},"17":{"loc":{"start":{"line":50,"column":51},"end":{"line":50,"column":92}},"type":"cond-expr","locations":[{"start":{"line":50,"column":71},"end":{"line":50,"column":80}},{"start":{"line":50,"column":83},"end":{"line":50,"column":92}}]},"18":{"loc":{"start":{"line":51,"column":15},"end":{"line":51,"column":100}},"type":"cond-expr","locations":[{"start":{"line":51,"column":33},"end":{"line":51,"column":35}},{"start":{"line":51,"column":38},"end":{"line":51,"column":100}}]},"19":{"loc":{"start":{"line":51,"column":38},"end":{"line":51,"column":100}},"type":"cond-expr","locations":[{"start":{"line":51,"column":51},"end":{"line":51,"column":76}},{"start":{"line":51,"column":79},"end":{"line":51,"column":100}}]},"20":{"loc":{"start":{"line":55,"column":79},"end":{"line":55,"column":120}},"type":"cond-expr","locations":[{"start":{"line":55,"column":99},"end":{"line":55,"column":108}},{"start":{"line":55,"column":111},"end":{"line":55,"column":120}}]},"21":{"loc":{"start":{"line":60,"column":78},"end":{"line":60,"column":119}},"type":"cond-expr","locations":[{"start":{"line":60,"column":98},"end":{"line":60,"column":107}},{"start":{"line":60,"column":110},"end":{"line":60,"column":119}}]},"22":{"loc":{"start":{"line":64,"column":87},"end":{"line":64,"column":128}},"type":"cond-expr","locations":[{"start":{"line":64,"column":107},"end":{"line":64,"column":116}},{"start":{"line":64,"column":119},"end":{"line":64,"column":128}}]},"23":{"loc":{"start":{"line":68,"column":7},"end":{"line":81,"column":null}},"type":"binary-expr","locations":[{"start":{"line":68,"column":7},"end":{"line":68,"column":16}},{"start":{"line":68,"column":20},"end":{"line":68,"column":40}},{"start":{"line":69,"column":8},"end":{"line":80,"column":null}}]},"24":{"loc":{"start":{"line":75,"column":33},"end":{"line":75,"column":74}},"type":"cond-expr","locations":[{"start":{"line":75,"column":53},"end":{"line":75,"column":62}},{"start":{"line":75,"column":65},"end":{"line":75,"column":74}}]},"25":{"loc":{"start":{"line":76,"column":23},"end":{"line":76,"column":64}},"type":"cond-expr","locations":[{"start":{"line":76,"column":43},"end":{"line":76,"column":52}},{"start":{"line":76,"column":55},"end":{"line":76,"column":64}}]},"26":{"loc":{"start":{"line":87,"column":23},"end":{"line":87,"column":64}},"type":"cond-expr","locations":[{"start":{"line":87,"column":43},"end":{"line":87,"column":52}},{"start":{"line":87,"column":55},"end":{"line":87,"column":64}}]}},"s":{"0":1,"1":1,"2":1,"3":1,"4":13,"5":13,"6":13,"7":13,"8":2,"9":11,"10":11,"11":0,"12":13,"13":22},"f":{"0":13,"1":13,"2":22},"b":{"0":[2,11],"1":[0,13],"2":[0,13],"3":[0,13],"4":[13,0],"5":[0,13],"6":[13,13],"7":[0,0],"8":[0,0],"9":[0,0],"10":[0,0],"11":[0,0],"12":[0,0],"13":[0,0],"14":[0,13],"15":[0,13],"16":[13,0],"17":[0,13],"18":[0,13],"19":[13,0],"20":[0,13],"21":[0,13],"22":[0,13],"23":[13,13,11],"24":[0,22],"25":[0,22],"26":[0,13]}}
}
