TN:
SF:src/features/comment-form/CommentForm.tsx
FN:19,CommentForm
FN:26,(anonymous_8)
FN:26,(anonymous_9)
FN:69,(anonymous_10)
FNF:4
FNH:4
FNDA:92,CommentForm
FNDA:5,(anonymous_8)
FNDA:5,(anonymous_9)
FNDA:74,(anonymous_10)
DA:6,1
DA:7,1
DA:8,1
DA:9,1
DA:19,1
DA:20,92
DA:21,92
DA:22,92
DA:23,92
DA:24,92
DA:26,92
DA:27,5
DA:28,5
DA:30,5
DA:31,0
DA:32,0
DA:35,5
DA:36,0
DA:37,0
DA:40,5
DA:41,5
DA:42,5
DA:43,3
DA:45,1
DA:47,4
DA:51,92
DA:69,74
LF:27
LH:23
BRDA:30,0,0,0
BRDA:30,0,1,5
BRDA:35,1,0,0
BRDA:35,1,1,5
BRDA:45,2,0,1
BRDA:45,2,1,0
BRDA:53,3,0,92
BRDA:53,3,1,1
BRDA:57,4,0,0
BRDA:57,4,1,1
BRDA:58,5,0,0
BRDA:58,5,1,1
BRDA:59,6,0,0
BRDA:59,6,1,1
BRDA:71,7,0,92
BRDA:71,7,1,87
BRDA:75,8,0,0
BRDA:75,8,1,92
BRDA:77,9,0,0
BRDA:77,9,1,92
BRDA:78,10,0,0
BRDA:78,10,1,92
BRDA:85,11,0,92
BRDA:85,11,1,87
BRDA:85,11,2,87
BRDA:88,12,0,77
BRDA:88,12,1,15
BRDA:88,13,0,92
BRDA:88,13,1,77
BRDA:92,14,0,77
BRDA:92,14,1,15
BRDA:92,15,0,92
BRDA:92,15,1,77
BRF:33
BRH:24
end_of_record
TN:
SF:src/shared/index.ts
FNF:0
FNH:0
DA:4,2
DA:5,2
DA:6,2
DA:7,2
DA:8,2
LF:5
LH:5
BRF:0
BRH:0
end_of_record
TN:
SF:src/shared/const/api.ts
FNF:0
FNH:0
DA:4,2
DA:15,2
LF:2
LH:2
BRF:0
BRH:0
end_of_record
TN:
SF:src/shared/const/index.ts
FN:1,(anonymous_0)
FN:1,(anonymous_1)
FNF:2
FNH:0
FNDA:0,(anonymous_0)
FNDA:0,(anonymous_1)
DA:1,2
LF:1
LH:1
BRF:0
BRH:0
end_of_record
TN:
SF:src/shared/context/ThemeProvider.tsx
FN:9,ThemeProvider
FN:10,(anonymous_1)
FN:20,(anonymous_2)
FN:33,(anonymous_3)
FN:34,(anonymous_4)
FN:37,(anonymous_5)
FNF:6
FNH:3
FNDA:43,ThemeProvider
FNDA:43,(anonymous_1)
FNDA:43,(anonymous_2)
FNDA:0,(anonymous_3)
FNDA:0,(anonymous_4)
FNDA:0,(anonymous_5)
DA:6,4
DA:7,4
DA:9,4
DA:10,43
DA:12,43
DA:13,43
DA:14,0
DA:17,43
DA:20,43
DA:22,43
DA:25,43
DA:26,43
DA:27,43
DA:29,0
DA:33,43
DA:34,0
DA:37,43
DA:38,0
DA:41,43
LF:19
LH:15
BRDA:13,0,0,0
BRDA:13,0,1,43
BRDA:13,1,0,43
BRDA:13,1,1,43
BRDA:26,2,0,43
BRDA:26,2,1,0
BRDA:34,3,0,0
BRDA:34,3,1,0
BRF:8
BRH:4
end_of_record
TN:
SF:src/shared/context/index.ts
FN:5,(anonymous_0)
FN:6,(anonymous_1)
FNF:2
FNH:2
FNDA:43,(anonymous_0)
FNDA:179,(anonymous_1)
DA:5,47
DA:6,183
LF:2
LH:2
BRF:0
BRH:0
end_of_record
TN:
SF:src/shared/context/theme.ts
FNF:0
FNH:0
DA:5,4
DA:15,4
LF:2
LH:2
BRF:0
BRH:0
end_of_record
TN:
SF:src/shared/context/useTheme.ts
FN:8,useTheme
FNF:1
FNH:1
FNDA:179,useTheme
DA:5,4
DA:6,4
DA:8,4
DA:9,179
DA:10,179
DA:11,0
DA:13,179
LF:7
LH:6
BRDA:10,0,0,0
BRDA:10,0,1,179
BRF:2
BRH:1
end_of_record
TN:
SF:src/shared/icons/ThreadsIcon.tsx
FN:6,(anonymous_0)
FNF:1
FNH:0
FNDA:0,(anonymous_0)
DA:6,2
DA:7,0
LF:2
LH:1
BRF:0
BRH:0
end_of_record
TN:
SF:src/shared/icons/index.ts
FN:1,(anonymous_0)
FNF:1
FNH:0
FNDA:0,(anonymous_0)
DA:1,2
LF:1
LH:1
BRF:0
BRH:0
end_of_record
TN:
SF:src/shared/lib/helpers.ts
FN:4,formatDate
FN:23,truncateText
FN:31,generateId
FNF:3
FNH:0
FNDA:0,formatDate
FNDA:0,truncateText
FNDA:0,generateId
DA:4,2
DA:5,0
DA:6,0
DA:7,0
DA:8,0
DA:9,0
DA:10,0
DA:12,0
DA:13,0
DA:14,0
DA:15,0
DA:17,0
DA:23,2
DA:24,0
DA:25,0
DA:31,2
DA:32,0
LF:17
LH:3
BRDA:12,0,0,0
BRDA:12,0,1,0
BRDA:13,1,0,0
BRDA:13,1,1,0
BRDA:14,2,0,0
BRDA:14,2,1,0
BRDA:15,3,0,0
BRDA:15,3,1,0
BRDA:24,4,0,0
BRDA:24,4,1,0
BRF:10
BRH:0
end_of_record
TN:
SF:src/shared/lib/index.ts
FN:1,(anonymous_0)
FN:1,(anonymous_1)
FN:1,(anonymous_2)
FNF:3
FNH:0
FNDA:0,(anonymous_0)
FNDA:0,(anonymous_1)
FNDA:0,(anonymous_2)
DA:1,2
LF:1
LH:1
BRF:0
BRH:0
end_of_record
TN:
SF:src/shared/ui/index.ts
FN:4,(anonymous_0)
FN:7,(anonymous_1)
FN:10,(anonymous_2)
FN:13,(anonymous_3)
FNF:4
FNH:1
FNDA:53,(anonymous_0)
FNDA:0,(anonymous_1)
FNDA:0,(anonymous_2)
FNDA:0,(anonymous_3)
DA:4,55
DA:7,2
DA:10,2
DA:13,2
LF:4
LH:4
BRF:0
BRH:0
end_of_record
TN:
SF:src/shared/ui/avatar/Avatar.tsx
FN:12,Avatar
FNF:1
FNH:0
FNDA:0,Avatar
DA:12,2
DA:13,0
DA:19,0
LF:3
LH:1
BRDA:12,0,0,0
BRDA:12,1,0,0
BRF:2
BRH:0
end_of_record
TN:
SF:src/shared/ui/avatar/index.ts
FN:1,(anonymous_0)
FNF:1
FNH:0
FNDA:0,(anonymous_0)
DA:1,2
LF:1
LH:1
BRF:0
BRH:0
end_of_record
TN:
SF:src/shared/ui/button/Button.tsx
FN:12,Button
FN:15,(anonymous_1)
FNF:2
FNH:2
FNDA:60,Button
FNDA:60,(anonymous_1)
DA:2,3
DA:12,3
DA:13,60
DA:15,60
DA:16,60
DA:17,59
DA:18,58
DA:21,60
DA:22,60
DA:23,60
DA:25,60
LF:11
LH:11
BRDA:12,0,0,59
BRDA:16,1,0,1
BRDA:16,1,1,59
BRDA:17,2,0,1
BRDA:17,2,1,58
BRDA:23,3,0,60
BRDA:23,3,1,6
BRDA:31,4,0,58
BRDA:31,4,1,2
BRDA:33,5,0,0
BRDA:33,5,1,58
BRDA:34,6,0,0
BRDA:34,6,1,58
BRF:13
BRH:11
end_of_record
TN:
SF:src/shared/ui/button/index.ts
FN:1,(anonymous_0)
FNF:1
FNH:1
FNDA:53,(anonymous_0)
DA:1,55
LF:1
LH:1
BRF:0
BRH:0
end_of_record
TN:
SF:src/shared/ui/input/Input.tsx
FN:14,Input
FN:21,(anonymous_1)
FNF:2
FNH:2
FNDA:11,Input
FNDA:9,(anonymous_1)
DA:14,3
DA:15,11
DA:21,9
LF:3
LH:3
BRDA:14,0,0,0
BRDA:14,1,0,8
BRDA:14,2,0,10
BRDA:14,3,0,9
BRDA:14,4,0,10
BRDA:21,5,0,4
BRDA:21,5,1,5
BRDA:21,6,0,9
BRDA:21,6,1,9
BRF:9
BRH:8
end_of_record
TN:
SF:src/shared/ui/input/index.ts
FN:1,(anonymous_0)
FNF:1
FNH:0
FNDA:0,(anonymous_0)
DA:1,2
LF:1
LH:1
BRF:0
BRH:0
end_of_record
TN:
SF:src/shared/ui/modal/Modal.tsx
FN:15,Modal
FN:20,(anonymous_1)
FNF:2
FNH:0
FNDA:0,Modal
FNDA:0,(anonymous_1)
DA:2,2
DA:15,2
DA:16,0
DA:18,0
DA:20,0
LF:5
LH:2
BRDA:16,0,0,0
BRDA:16,0,1,0
BRF:2
BRH:0
end_of_record
TN:
SF:src/shared/ui/modal/index.ts
FN:1,(anonymous_0)
FNF:1
FNH:0
FNDA:0,(anonymous_0)
DA:1,2
LF:1
LH:1
BRF:0
BRH:0
end_of_record
TN:
SF:src/widgets/comment-card/CommentCard.tsx
FN:18,CommentCard
FNF:1
FNH:1
FNDA:14,CommentCard
DA:7,1
DA:8,1
DA:18,1
DA:19,14
DA:21,14
LF:5
LH:5
BRDA:25,0,0,0
BRDA:25,0,1,14
BRDA:26,1,0,0
BRDA:26,1,1,14
BRDA:30,2,0,14
BRDA:30,2,1,1
BRDA:30,3,0,1
BRDA:30,3,1,13
BRDA:30,4,0,14
BRDA:30,4,1,14
BRDA:30,5,0,0
BRDA:30,5,1,14
BRDA:30,6,0,14
BRDA:30,6,1,14
BRDA:32,7,0,0
BRDA:32,7,1,14
BRDA:35,8,0,0
BRDA:35,8,1,14
BRDA:42,9,0,0
BRDA:42,9,1,14
BRF:20
BRH:14
end_of_record
TN:
SF:src/widgets/post-card/PostCard.tsx
FN:20,PostCard
FN:24,(anonymous_1)
FN:70,(anonymous_2)
FNF:3
FNH:3
FNDA:13,PostCard
FNDA:13,(anonymous_1)
FNDA:22,(anonymous_2)
DA:7,1
DA:8,1
DA:9,1
DA:20,1
DA:21,13
DA:22,13
DA:24,13
DA:25,13
DA:26,2
DA:28,11
DA:29,11
DA:31,0
DA:35,13
DA:71,22
LF:14
LH:13
BRDA:25,0,0,2
BRDA:25,0,1,11
BRDA:40,1,0,0
BRDA:40,1,1,13
BRDA:41,2,0,0
BRDA:41,2,1,13
BRDA:45,3,0,0
BRDA:45,3,1,13
BRDA:45,4,0,13
BRDA:45,4,1,0
BRDA:45,5,0,0
BRDA:45,5,1,13
BRDA:45,6,0,13
BRDA:45,6,1,13
BRDA:45,7,0,0
BRDA:45,7,1,0
BRDA:45,8,0,0
BRDA:45,8,1,0
BRDA:45,9,0,0
BRDA:45,9,1,0
BRDA:45,10,0,0
BRDA:45,10,1,0
BRDA:45,11,0,0
BRDA:45,11,1,0
BRDA:45,12,0,0
BRDA:45,12,1,0
BRDA:45,13,0,0
BRDA:45,13,1,0
BRDA:47,14,0,0
BRDA:47,14,1,13
BRDA:48,15,0,0
BRDA:48,15,1,13
BRDA:48,16,0,13
BRDA:48,16,1,0
BRDA:50,17,0,0
BRDA:50,17,1,13
BRDA:51,18,0,0
BRDA:51,18,1,13
BRDA:51,19,0,13
BRDA:51,19,1,0
BRDA:55,20,0,0
BRDA:55,20,1,13
BRDA:60,21,0,0
BRDA:60,21,1,13
BRDA:64,22,0,0
BRDA:64,22,1,13
BRDA:68,23,0,13
BRDA:68,23,1,13
BRDA:68,23,2,11
BRDA:75,24,0,0
BRDA:75,24,1,22
BRDA:76,25,0,0
BRDA:76,25,1,22
BRDA:87,26,0,0
BRDA:87,26,1,13
BRF:55
BRH:24
end_of_record
